
*** Running vivado
    with args -log fg_m3_fsm_driver.vds -m64 -product Vivado -mode batch -messageDb vivado.pb -notrace -source fg_m3_fsm_driver.tcl


****** Vivado v2023.2 (64-bit)
  **** SW Build 4029153 on Fri Oct 13 20:13:54 MDT 2023
  **** IP Build 4028589 on Sat Oct 14 00:45:43 MDT 2023
  **** SharedData Build 4025554 on Tue Oct 10 17:18:54 MDT 2023
    ** Copyright 1986-2022 Xilinx, Inc. All Rights Reserved.
    ** Copyright 2022-2023 Advanced Micro Devices, Inc. All Rights Reserved.

source fg_m3_fsm_driver.tcl -notrace
create_project: Time (s): cpu = 00:00:08 ; elapsed = 00:00:08 . Memory (MB): peak = 1336.207 ; gain = 21.836 ; free physical = 31412 ; free virtual = 72142
Command: read_checkpoint -auto_incremental -incremental /home/azafeer/Desktop/test/fault_injector_model_3/fault_injector_model_3.srcs/utils_1/imports/synth_1/fg_m3_lfsr.dcp
INFO: [Vivado 12-5825] Read reference checkpoint from /home/azafeer/Desktop/test/fault_injector_model_3/fault_injector_model_3.srcs/utils_1/imports/synth_1/fg_m3_lfsr.dcp for incremental synthesis
INFO: [Vivado 12-7989] Please ensure there are no constraint changes
Command: synth_design -top fg_m3_fsm_driver -part xc7vx485tffg1157-1
Starting synth_design
Attempting to get a license for feature 'Synthesis' and/or device 'xc7vx485t'
INFO: [Common 17-349] Got license for feature 'Synthesis' and/or device 'xc7vx485t'
INFO: [Common 17-1540] The version limit for your license is '2024.01' and has expired for new software. A version limit expiration means that, although you may be able to continue to use the current version of tools or IP with this license, you will not be eligible for new releases.
INFO: [Designutils 20-5440] No compile time benefit to using incremental synthesis; A full resynthesis will be run
INFO: [Designutils 20-4379] Flow is switching to default flow due to incremental criteria not met. If you would like to alter this behaviour and have the flow terminate instead, please set the following parameter config_implementation {autoIncr.Synth.RejectBehavior Terminate}
INFO: [Synth 8-7079] Multithreading enabled for synth_design using a maximum of 4 processes.
INFO: [Synth 8-7078] Launching helper process for spawning children vivado processes
INFO: [Synth 8-7075] Helper process launched with PID 2854571
---------------------------------------------------------------------------------
Starting Synthesize : Time (s): cpu = 00:00:05 ; elapsed = 00:00:05 . Memory (MB): peak = 1768.945 ; gain = 408.684 ; free physical = 30712 ; free virtual = 71442
---------------------------------------------------------------------------------
WARNING: [Synth 8-11121] redeclaration of ANSI port 'fg_fsm_ref_counter' is not allowed [/home/azafeer/Desktop/test/fault_injector_model_3/fault_injector_model_3.srcs/sources_1/new/fg_m3_fsm.sv:44]
INFO: [Synth 8-6157] synthesizing module 'fg_m3_fsm_driver' [/home/azafeer/Desktop/test/fault_injector_model_3/fault_injector_model_3.srcs/sources_1/new/fg_m3_fsm_driver.sv:34]
INFO: [Synth 8-6157] synthesizing module 'fg_m3_fsm' [/home/azafeer/Desktop/test/fault_injector_model_3/fault_injector_model_3.srcs/sources_1/new/fg_m3_fsm.sv:23]
INFO: [Synth 8-6157] synthesizing module 'fg_m3_counter' [/home/azafeer/Desktop/test/fault_injector_model_3/fault_injector_model_3.srcs/sources_1/new/fg_m3_counter.sv:23]
INFO: [Synth 8-6155] done synthesizing module 'fg_m3_counter' (0#1) [/home/azafeer/Desktop/test/fault_injector_model_3/fault_injector_model_3.srcs/sources_1/new/fg_m3_counter.sv:23]
WARNING: [Synth 8-689] width (8) of port connection 'fg_count_output' does not match port width (32) of module 'fg_m3_counter' [/home/azafeer/Desktop/test/fault_injector_model_3/fault_injector_model_3.srcs/sources_1/new/fg_m3_fsm.sv:64]
INFO: [Synth 8-6155] done synthesizing module 'fg_m3_fsm' (0#1) [/home/azafeer/Desktop/test/fault_injector_model_3/fault_injector_model_3.srcs/sources_1/new/fg_m3_fsm.sv:23]
WARNING: [Synth 8-7071] port 'fg_fsm_ref_counter' of module 'fg_m3_fsm' is unconnected for instance 'fsm_driver_fsm' [/home/azafeer/Desktop/test/fault_injector_model_3/fault_injector_model_3.srcs/sources_1/new/fg_m3_fsm_driver.sv:48]
WARNING: [Synth 8-7023] instance 'fsm_driver_fsm' of module 'fg_m3_fsm' has 5 connections declared, but only 4 given [/home/azafeer/Desktop/test/fault_injector_model_3/fault_injector_model_3.srcs/sources_1/new/fg_m3_fsm_driver.sv:48]
INFO: [Synth 8-6157] synthesizing module 'fg_m3_driver' [/home/azafeer/Desktop/test/fault_injector_model_3/fault_injector_model_3.srcs/sources_1/new/fg_m3_driver.sv:28]
INFO: [Synth 8-6157] synthesizing module 'fg_m3_lfsr' [/home/azafeer/Desktop/test/fault_injector_model_3/fault_injector_model_3.srcs/sources_1/new/fg_m3_lfsr.sv:26]
INFO: [Synth 8-6155] done synthesizing module 'fg_m3_lfsr' (0#1) [/home/azafeer/Desktop/test/fault_injector_model_3/fault_injector_model_3.srcs/sources_1/new/fg_m3_lfsr.sv:26]
INFO: [Synth 8-6155] done synthesizing module 'fg_m3_driver' (0#1) [/home/azafeer/Desktop/test/fault_injector_model_3/fault_injector_model_3.srcs/sources_1/new/fg_m3_driver.sv:28]
INFO: [Synth 8-6155] done synthesizing module 'fg_m3_fsm_driver' (0#1) [/home/azafeer/Desktop/test/fault_injector_model_3/fault_injector_model_3.srcs/sources_1/new/fg_m3_fsm_driver.sv:34]
WARNING: [Synth 8-87] always_comb on 'fg_fsm_count_clear_i_reg' did not result in combinational logic [/home/azafeer/Desktop/test/fault_injector_model_3/fault_injector_model_3.srcs/sources_1/new/fg_m3_fsm.sv:55]
WARNING: [Synth 8-87] always_comb on 'fg_fsm_count_hold_i_reg' did not result in combinational logic [/home/azafeer/Desktop/test/fault_injector_model_3/fault_injector_model_3.srcs/sources_1/new/fg_m3_fsm.sv:56]
WARNING: [Synth 8-87] always_comb on 'next_state_reg' did not result in combinational logic [/home/azafeer/Desktop/test/fault_injector_model_3/fault_injector_model_3.srcs/sources_1/new/fg_m3_fsm.sv:86]
WARNING: [Synth 8-87] always_comb on 'fg_driver_lfsr_start_reg' did not result in combinational logic [/home/azafeer/Desktop/test/fault_injector_model_3/fault_injector_model_3.srcs/sources_1/new/fg_m3_driver.sv:45]
WARNING: [Synth 8-87] always_comb on 'fg_driver_lfsr_en_reg' did not result in combinational logic [/home/azafeer/Desktop/test/fault_injector_model_3/fault_injector_model_3.srcs/sources_1/new/fg_m3_driver.sv:45]
WARNING: [Synth 8-87] always_comb on 'fg_driver_lfsr_hold_address_reg' did not result in combinational logic [/home/azafeer/Desktop/test/fault_injector_model_3/fault_injector_model_3.srcs/sources_1/new/fg_m3_driver.sv:52]
WARNING: [Synth 8-87] always_comb on 'fg_driver_fault_address_reg' did not result in combinational logic [/home/azafeer/Desktop/test/fault_injector_model_3/fault_injector_model_3.srcs/sources_1/new/fg_m3_driver.sv:53]
WARNING: [Synth 8-87] always_comb on 'fg_driver_ports_reg' did not result in combinational logic [/home/azafeer/Desktop/test/fault_injector_model_3/fault_injector_model_3.srcs/sources_1/new/fg_m3_driver.sv:54]
WARNING: [Synth 8-87] always_comb on 'fg_seed_reg' did not result in combinational logic [/home/azafeer/Desktop/test/fault_injector_model_3/fault_injector_model_3.srcs/sources_1/new/fg_m3_driver.sv:45]
---------------------------------------------------------------------------------
Finished Synthesize : Time (s): cpu = 00:00:07 ; elapsed = 00:00:07 . Memory (MB): peak = 1852.914 ; gain = 492.652 ; free physical = 30605 ; free virtual = 71336
---------------------------------------------------------------------------------
---------------------------------------------------------------------------------
Finished Constraint Validation : Time (s): cpu = 00:00:07 ; elapsed = 00:00:08 . Memory (MB): peak = 1870.727 ; gain = 510.465 ; free physical = 30603 ; free virtual = 71334
---------------------------------------------------------------------------------
---------------------------------------------------------------------------------
Start Loading Part and Timing Information
---------------------------------------------------------------------------------
Loading part: xc7vx485tffg1157-1
INFO: [Device 21-403] Loading part xc7vx485tffg1157-1
---------------------------------------------------------------------------------
Finished Loading Part and Timing Information : Time (s): cpu = 00:00:07 ; elapsed = 00:00:08 . Memory (MB): peak = 1878.730 ; gain = 518.469 ; free physical = 30603 ; free virtual = 71334
---------------------------------------------------------------------------------
INFO: [Synth 8-802] inferred FSM for state register 'current_state_reg' in module 'fg_m3_fsm'
WARNING: [Synth 8-327] inferring latch for variable 'FSM_sequential_next_state_reg' [/home/azafeer/Desktop/test/fault_injector_model_3/fault_injector_model_3.srcs/sources_1/new/fg_m3_fsm.sv:86]
WARNING: [Synth 8-327] inferring latch for variable 'FSM_onehot_next_state_reg' [/home/azafeer/Desktop/test/fault_injector_model_3/fault_injector_model_3.srcs/sources_1/new/fg_m3_fsm.sv:86]
---------------------------------------------------------------------------------------------------
                   State |                     New Encoding |                Previous Encoding 
---------------------------------------------------------------------------------------------------
                    IDLE |                              001 |                               00
                   DELAY |                              010 |                               01
                   PULSE |                              100 |                               10
---------------------------------------------------------------------------------------------------
INFO: [Synth 8-3354] encoded FSM with state register 'current_state_reg' using encoding 'one-hot' in module 'fg_m3_fsm'
WARNING: [Synth 8-327] inferring latch for variable 'FSM_onehot_next_state_reg' [/home/azafeer/Desktop/test/fault_injector_model_3/fault_injector_model_3.srcs/sources_1/new/fg_m3_fsm.sv:86]
WARNING: [Synth 8-327] inferring latch for variable 'fg_fsm_count_clear_i_reg' [/home/azafeer/Desktop/test/fault_injector_model_3/fault_injector_model_3.srcs/sources_1/new/fg_m3_fsm.sv:55]
WARNING: [Synth 8-327] inferring latch for variable 'fg_fsm_count_hold_i_reg' [/home/azafeer/Desktop/test/fault_injector_model_3/fault_injector_model_3.srcs/sources_1/new/fg_m3_fsm.sv:56]
WARNING: [Synth 8-327] inferring latch for variable 'fg_driver_ports_reg' [/home/azafeer/Desktop/test/fault_injector_model_3/fault_injector_model_3.srcs/sources_1/new/fg_m3_driver.sv:54]
WARNING: [Synth 8-327] inferring latch for variable 'fg_driver_fault_address_reg' [/home/azafeer/Desktop/test/fault_injector_model_3/fault_injector_model_3.srcs/sources_1/new/fg_m3_driver.sv:53]
WARNING: [Synth 8-327] inferring latch for variable 'fg_driver_lfsr_hold_address_reg' [/home/azafeer/Desktop/test/fault_injector_model_3/fault_injector_model_3.srcs/sources_1/new/fg_m3_driver.sv:52]
WARNING: [Synth 8-327] inferring latch for variable 'fg_seed_reg' [/home/azafeer/Desktop/test/fault_injector_model_3/fault_injector_model_3.srcs/sources_1/new/fg_m3_driver.sv:45]
WARNING: [Synth 8-327] inferring latch for variable 'fg_driver_lfsr_en_reg' [/home/azafeer/Desktop/test/fault_injector_model_3/fault_injector_model_3.srcs/sources_1/new/fg_m3_driver.sv:45]
WARNING: [Synth 8-327] inferring latch for variable 'fg_driver_lfsr_start_reg' [/home/azafeer/Desktop/test/fault_injector_model_3/fault_injector_model_3.srcs/sources_1/new/fg_m3_driver.sv:45]
---------------------------------------------------------------------------------
Finished RTL Optimization Phase 2 : Time (s): cpu = 00:00:10 ; elapsed = 00:00:09 . Memory (MB): peak = 1927.574 ; gain = 567.312 ; free physical = 30533 ; free virtual = 71264
---------------------------------------------------------------------------------
No constraint files found.
---------------------------------------------------------------------------------
Start RTL Component Statistics 
---------------------------------------------------------------------------------
Detailed RTL Component Info : 
+---Adders : 
	   2 Input   32 Bit       Adders := 2     
+---XORs : 
	   5 Input      1 Bit         XORs := 1     
+---Registers : 
	               32 Bit    Registers := 2     
	                8 Bit    Registers := 1     
+---Muxes : 
	   4 Input  256 Bit        Muxes := 1     
	   2 Input   32 Bit        Muxes := 4     
	   2 Input    8 Bit        Muxes := 5     
	 259 Input    8 Bit        Muxes := 1     
	   4 Input    8 Bit        Muxes := 1     
	   3 Input    3 Bit        Muxes := 1     
	   2 Input    3 Bit        Muxes := 3     
	   2 Input    1 Bit        Muxes := 260   
	   3 Input    1 Bit        Muxes := 3     
	   4 Input    1 Bit        Muxes := 5     
---------------------------------------------------------------------------------
Finished RTL Component Statistics 
---------------------------------------------------------------------------------
---------------------------------------------------------------------------------
Start Part Resource Summary
---------------------------------------------------------------------------------
Part Resources:
DSPs: 2800 (col length:140)
BRAMs: 2060 (col length: RAMB18 140 RAMB36 70)
---------------------------------------------------------------------------------
Finished Part Resource Summary
---------------------------------------------------------------------------------
No constraint files found.
---------------------------------------------------------------------------------
Start Cross Boundary and Area Optimization
---------------------------------------------------------------------------------
WARNING: [Synth 8-7080] Parallel synthesis criteria is not met
WARNING: [Synth 8-3332] Sequential element (fsm_driver_driver/fg_driver_fault_address_reg[7]) is unused and will be removed from module fg_m3_fsm_driver.
WARNING: [Synth 8-3332] Sequential element (fsm_driver_driver/fg_driver_fault_address_reg[6]) is unused and will be removed from module fg_m3_fsm_driver.
WARNING: [Synth 8-3332] Sequential element (fsm_driver_driver/fg_driver_fault_address_reg[5]) is unused and will be removed from module fg_m3_fsm_driver.
WARNING: [Synth 8-3332] Sequential element (fsm_driver_driver/fg_driver_fault_address_reg[4]) is unused and will be removed from module fg_m3_fsm_driver.
WARNING: [Synth 8-3332] Sequential element (fsm_driver_driver/fg_driver_fault_address_reg[3]) is unused and will be removed from module fg_m3_fsm_driver.
WARNING: [Synth 8-3332] Sequential element (fsm_driver_driver/fg_driver_fault_address_reg[2]) is unused and will be removed from module fg_m3_fsm_driver.
WARNING: [Synth 8-3332] Sequential element (fsm_driver_driver/fg_driver_fault_address_reg[1]) is unused and will be removed from module fg_m3_fsm_driver.
WARNING: [Synth 8-3332] Sequential element (fsm_driver_driver/fg_driver_fault_address_reg[0]) is unused and will be removed from module fg_m3_fsm_driver.
WARNING: [Synth 8-3332] Sequential element (fsm_driver_driver/fg_driver_lfsr_start_reg) is unused and will be removed from module fg_m3_fsm_driver.
---------------------------------------------------------------------------------
Finished Cross Boundary and Area Optimization : Time (s): cpu = 00:00:23 ; elapsed = 00:00:23 . Memory (MB): peak = 2218.121 ; gain = 857.859 ; free physical = 30233 ; free virtual = 70969
---------------------------------------------------------------------------------
No constraint files found.
---------------------------------------------------------------------------------
Start Timing Optimization
---------------------------------------------------------------------------------
---------------------------------------------------------------------------------
Finished Timing Optimization : Time (s): cpu = 00:00:23 ; elapsed = 00:00:23 . Memory (MB): peak = 2218.121 ; gain = 857.859 ; free physical = 30233 ; free virtual = 70969
---------------------------------------------------------------------------------
---------------------------------------------------------------------------------
Start Technology Mapping
---------------------------------------------------------------------------------
---------------------------------------------------------------------------------
Finished Technology Mapping : Time (s): cpu = 00:00:23 ; elapsed = 00:00:23 . Memory (MB): peak = 2218.121 ; gain = 857.859 ; free physical = 30233 ; free virtual = 70969
---------------------------------------------------------------------------------
---------------------------------------------------------------------------------
Start IO Insertion
---------------------------------------------------------------------------------
---------------------------------------------------------------------------------
Start Flattening Before IO Insertion
---------------------------------------------------------------------------------
---------------------------------------------------------------------------------
Finished Flattening Before IO Insertion
---------------------------------------------------------------------------------
---------------------------------------------------------------------------------
Start Final Netlist Cleanup
---------------------------------------------------------------------------------
---------------------------------------------------------------------------------
Finished Final Netlist Cleanup
---------------------------------------------------------------------------------
---------------------------------------------------------------------------------
Finished IO Insertion : Time (s): cpu = 00:00:27 ; elapsed = 00:00:28 . Memory (MB): peak = 2218.121 ; gain = 857.859 ; free physical = 30233 ; free virtual = 70969
---------------------------------------------------------------------------------
---------------------------------------------------------------------------------
Start Renaming Generated Instances
---------------------------------------------------------------------------------
---------------------------------------------------------------------------------
Finished Renaming Generated Instances : Time (s): cpu = 00:00:27 ; elapsed = 00:00:28 . Memory (MB): peak = 2218.121 ; gain = 857.859 ; free physical = 30233 ; free virtual = 70969
---------------------------------------------------------------------------------
---------------------------------------------------------------------------------
Start Rebuilding User Hierarchy
---------------------------------------------------------------------------------
---------------------------------------------------------------------------------
Finished Rebuilding User Hierarchy : Time (s): cpu = 00:00:27 ; elapsed = 00:00:28 . Memory (MB): peak = 2218.121 ; gain = 857.859 ; free physical = 30233 ; free virtual = 70969
---------------------------------------------------------------------------------
---------------------------------------------------------------------------------
Start Renaming Generated Ports
---------------------------------------------------------------------------------
---------------------------------------------------------------------------------
Finished Renaming Generated Ports : Time (s): cpu = 00:00:27 ; elapsed = 00:00:28 . Memory (MB): peak = 2218.121 ; gain = 857.859 ; free physical = 30233 ; free virtual = 70969
---------------------------------------------------------------------------------
---------------------------------------------------------------------------------
Start Handling Custom Attributes
---------------------------------------------------------------------------------
---------------------------------------------------------------------------------
Finished Handling Custom Attributes : Time (s): cpu = 00:00:27 ; elapsed = 00:00:28 . Memory (MB): peak = 2218.121 ; gain = 857.859 ; free physical = 30233 ; free virtual = 70969
---------------------------------------------------------------------------------
---------------------------------------------------------------------------------
Start Renaming Generated Nets
---------------------------------------------------------------------------------
---------------------------------------------------------------------------------
Finished Renaming Generated Nets : Time (s): cpu = 00:00:27 ; elapsed = 00:00:28 . Memory (MB): peak = 2218.121 ; gain = 857.859 ; free physical = 30233 ; free virtual = 70969
---------------------------------------------------------------------------------
---------------------------------------------------------------------------------
Start Writing Synthesis Report
---------------------------------------------------------------------------------

Report BlackBoxes: 
+-+--------------+----------+
| |BlackBox name |Instances |
+-+--------------+----------+
+-+--------------+----------+

Report Cell Usage: 
+------+-------+------+
|      |Cell   |Count |
+------+-------+------+
|1     |BUFG   |     3|
|2     |CARRY4 |     8|
|3     |LUT1   |     3|
|4     |LUT2   |    44|
|5     |LUT3   |    11|
|6     |LUT4   |   275|
|7     |LUT5   |    25|
|8     |LUT6   |    41|
|9     |FDCE   |    42|
|10    |FDPE   |     1|
|11    |LD     |   277|
|12    |LDP    |     1|
|13    |IBUF   |     3|
|14    |OBUF   |   256|
+------+-------+------+

Report Instance Areas: 
+------+----------------------+--------------+------+
|      |Instance              |Module        |Cells |
+------+----------------------+--------------+------+
|1     |top                   |              |   990|
|2     |  fsm_driver_driver   |fg_m3_driver  |   593|
|3     |    address_generator |fg_m3_lfsr    |   317|
|4     |  fsm_driver_fsm      |fg_m3_fsm     |   134|
|5     |    fg_fsm_m3_counter |fg_m3_counter |   110|
+------+----------------------+--------------+------+
---------------------------------------------------------------------------------
Finished Writing Synthesis Report : Time (s): cpu = 00:00:27 ; elapsed = 00:00:28 . Memory (MB): peak = 2218.121 ; gain = 857.859 ; free physical = 30233 ; free virtual = 70969
---------------------------------------------------------------------------------
Synthesis finished with 0 errors, 0 critical warnings and 34 warnings.
Synthesis Optimization Runtime : Time (s): cpu = 00:00:27 ; elapsed = 00:00:28 . Memory (MB): peak = 2218.121 ; gain = 857.859 ; free physical = 30233 ; free virtual = 70969
Synthesis Optimization Complete : Time (s): cpu = 00:00:27 ; elapsed = 00:00:28 . Memory (MB): peak = 2218.129 ; gain = 857.859 ; free physical = 30233 ; free virtual = 70969
INFO: [Project 1-571] Translating synthesized netlist
Netlist sorting complete. Time (s): cpu = 00:00:00.01 ; elapsed = 00:00:00.01 . Memory (MB): peak = 2218.129 ; gain = 0.000 ; free physical = 30515 ; free virtual = 71251
INFO: [Netlist 29-17] Analyzing 286 Unisim elements for replacement
INFO: [Netlist 29-28] Unisim Transformation completed in 0 CPU seconds
INFO: [Project 1-570] Preparing netlist for logic optimization
INFO: [Opt 31-138] Pushed 0 inverter(s) to 0 load pin(s).
Netlist sorting complete. Time (s): cpu = 00:00:00 ; elapsed = 00:00:00 . Memory (MB): peak = 2316.930 ; gain = 0.000 ; free physical = 30494 ; free virtual = 71230
INFO: [Project 1-111] Unisim Transformation Summary:
  A total of 278 instances were transformed.
  LD => LDCE: 277 instances
  LDP => LDPE: 1 instance 

Synth Design complete | Checksum: 8eb2dbfc
INFO: [Common 17-83] Releasing license: Synthesis
29 Infos, 34 Warnings, 0 Critical Warnings and 0 Errors encountered.
synth_design completed successfully
synth_design: Time (s): cpu = 00:00:35 ; elapsed = 00:00:42 . Memory (MB): peak = 2316.965 ; gain = 976.789 ; free physical = 30493 ; free virtual = 71229
INFO: [Common 17-2834] synth_design peak Physical Memory [PSS] (MB): overall = 1738.765; main = 1508.069; forked = 358.721
INFO: [Common 17-2834] synth_design peak Virtual Memory [VSS] (MB): overall = 3134.641; main = 2316.934; forked = 982.531
Write ShapeDB Complete: Time (s): cpu = 00:00:00 ; elapsed = 00:00:00.01 . Memory (MB): peak = 2340.941 ; gain = 0.000 ; free physical = 30493 ; free virtual = 71229
INFO: [Common 17-1381] The checkpoint '/home/azafeer/Desktop/test/fault_injector_model_3/fault_injector_model_3.runs/synth_1/fg_m3_fsm_driver.dcp' has been generated.
INFO: [runtcl-4] Executing : report_utilization -file fg_m3_fsm_driver_utilization_synth.rpt -pb fg_m3_fsm_driver_utilization_synth.pb
INFO: [Common 17-206] Exiting Vivado at Wed Feb 21 22:01:23 2024...
